######################BEGIN######################
Exporting UV texture coordinates for BFEmHands
Exporting BFEmHands
Header Information
Ident: IDP3
Version: 15
Name: 
Flags: 0
Number of Frames: 36
Number of Tags: 0
Number of Surfaces: 1
Number of Skins: 0
Offset Frames: 108
Offset Tags: 2124
Offset Surfaces: 2124
Offset end: 388224
Total Shaders: 1
Total Triangles: 2067
Total Vertices: 1220
MD3 saved to /home/paqx/Rendu/cpp_indie_studio/resources/Mesh/Valkyrie/AttackHands.md3
Elapsed 1.62405 seconds
