######################BEGIN######################
Exporting UV texture coordinates for BFEmLegs
Exporting BFEmLegs
Header Information
Ident: IDP3
Version: 15
Name: 
Flags: 0
Number of Frames: 33
Number of Tags: 0
Number of Surfaces: 1
Number of Skins: 0
Offset Frames: 108
Offset Tags: 1956
Offset Surfaces: 1956
Offset end: 344652
Total Shaders: 1
Total Triangles: 1910
Total Vertices: 1175
MD3 saved to /home/paqx/Rendu/cpp_indie_studio/resources/Mesh/Valkyrie/WalkLegs.md3
Elapsed 1.44179 seconds
