######################BEGIN######################
Exporting UV texture coordinates for warrior:Mesh
Exporting warrior:Mesh
Header Information
Ident: IDP3
Version: 15
Name: 
Flags: 0
Number of Frames: 30
Number of Tags: 0
Number of Surfaces: 1
Number of Skins: 0
Offset Frames: 108
Offset Tags: 1788
Offset Surfaces: 1788
Offset end: 1303676
Total Shaders: 1
Total Triangles: 7478
Total Vertices: 4887
MD3 saved to /home/paqx/Rendu/cpp_indie_studio/resources/Mesh/Warrior/AttackBody.md3
Elapsed 5.44022 seconds
