######################BEGIN######################
Converted quads in UV map of mesh01.008 to tris.
Exporting UV texture coordinates for mesh01.008
Exporting mesh01.008
Header Information
Ident: IDP3
Version: 15
Name: 
Flags: 0
Number of Frames: 21
Number of Tags: 0
Number of Surfaces: 1
Number of Skins: 0
Offset Frames: 108
Offset Tags: 1284
Offset Surfaces: 1284
Offset end: 689512
Total Shaders: 1
Total Triangles: 5711
Total Vertices: 3520
MD3 saved to /home/paqx/Rendu/cpp_indie_studio/resources/WizardAnim/WizardBodyAttack.md3
Elapsed 4.82364 seconds
